2026-04-02 10:49:07,305 | INFO | Loading dataset from D:\GitHub\GoT_HGs_RAG\datasets\agriculture
2026-04-02 10:49:07,305 | INFO | Using GraphML file graph_chunk_entity_relation.graphml
2026-04-02 10:49:10,541 | INFO | Starting GoTHyper pipeline for question: What significant year marked the expansion of community gardening initiatives in Seattle and saw a surge in demand for similar programs in Portland schools?
2026-04-02 10:49:12,774 | INFO | TaskFrame created with 5 anchors, 2 constraints, 2 bridges
2026-04-02 10:49:17,082 | INFO | Initialized ThoughtGraph with 5 seed thoughts
2026-04-02 10:49:17,082 | INFO | Reasoning step 1/10
2026-04-02 10:49:18,770 | INFO | Retrieved 6 evidence items for thought th-0002
2026-04-02 10:49:20,228 | INFO | Retrieved 6 evidence items for thought th-0003
2026-04-02 10:49:22,330 | INFO | Retrieved 6 evidence items for thought th-0004
2026-04-02 10:49:23,360 | INFO | Retrieved 6 evidence items for thought th-0005
2026-04-02 10:49:24,335 | INFO | Retrieved 6 evidence items for thought th-0006
2026-04-02 10:49:38,153 | INFO | Scored 5 thoughts
2026-04-02 10:49:43,772 | INFO | Registered evidence thought ev-th-0002-1 to TaskFrame slots anchor-0, target-0, constraint-0, constraint-1, bridge-0, bridge-1
2026-04-02 10:49:49,043 | INFO | Reasoning step 2/10
2026-04-02 10:49:49,330 | INFO | Retrieved 6 evidence items for thought th-0003
2026-04-02 10:49:49,616 | INFO | Retrieved 6 evidence items for thought th-0004
2026-04-02 10:49:50,052 | INFO | Retrieved 6 evidence items for thought th-0006
2026-04-02 10:49:51,059 | INFO | Retrieved 6 evidence items for thought th-0007
2026-04-02 10:50:07,236 | INFO | Scored 13 thoughts
2026-04-02 10:50:18,274 | INFO | Registered evidence thought ev-th-0003-3 to TaskFrame slots anchor-2
2026-04-02 10:50:24,333 | INFO | Reasoning step 3/10
2026-04-02 10:50:24,680 | INFO | Retrieved 6 evidence items for thought th-0006
2026-04-02 10:50:25,904 | INFO | Retrieved 6 evidence items for thought th-0008
2026-04-02 10:50:57,429 | INFO | Scored 23 thoughts
2026-04-02 10:51:05,667 | INFO | Reasoning step 4/10
2026-04-02 10:51:06,103 | INFO | Retrieved 6 evidence items for thought th-0009
2026-04-02 10:51:06,532 | INFO | Retrieved 6 evidence items for thought th-0010
2026-04-02 10:51:08,921 | INFO | Retrieved 6 evidence items for thought th-0011
2026-04-02 10:51:16,847 | INFO | Scored 36 thoughts
2026-04-02 10:51:24,826 | INFO | Reasoning step 5/10
2026-04-02 10:51:25,081 | INFO | Retrieved 6 evidence items for thought th-0011
2026-04-02 10:51:26,556 | INFO | Retrieved 6 evidence items for thought th-0012
2026-04-02 10:51:28,957 | INFO | Retrieved 6 evidence items for thought th-0013
2026-04-02 10:51:49,587 | INFO | Scored 48 thoughts
2026-04-02 10:52:05,183 | INFO | Reasoning step 6/10
2026-04-02 10:52:05,256 | INFO | Retrieved 6 evidence items for thought th-0011
2026-04-02 10:52:05,944 | INFO | Retrieved 6 evidence items for thought th-0014
