2026-04-07 23:40:29,815 | INFO | Loading dataset from D:\GitHub\GoT_HGs_RAG\datasets\agriculture
2026-04-07 23:40:29,815 | INFO | Using GraphML file graph_chunk_entity_relation.graphml
2026-04-07 23:40:33,266 | INFO | Starting HyperBranch pipeline for question: What region is known for its robust distribution network for local food and has a college operating a farm for over a hundred years?
2026-04-07 23:40:35,933 | INFO | TaskFrame created with 5 anchors, 1 constraints, 3 bridges
2026-04-07 23:40:49,681 | INFO | Anchored task frame with 5 initial entities and 3 initial hyperedges
2026-04-07 23:40:49,682 | INFO | Created reasoning thought th-0001 (root)
2026-04-07 23:40:49,682 | INFO | Created reasoning thought th-0002 (grounded)
2026-04-07 23:40:50,752 | INFO | Registered reasoning thought th-0002 to TaskFrame slots target-0, bridge-0
2026-04-07 23:40:50,752 | INFO | Control state iteration=1 weights={'constraint': 0.3333333333333333, 'relation': 0.3333333333333333, 'anchor': 0.3333333333333333} focus=[] missing=[]
2026-04-07 23:40:50,752 | INFO | Iterative reasoning step 1/3
2026-04-07 23:40:51,367 | INFO | Retrieved 12 branch candidates for constraint with queries=['What region is known for its robust distribution network for local food and has a college operating a farm for over a hundred years?', 'college operating a farm for over a hundred years', 'region', 'distribution network', 'local food', 'college', 'farm'] and weights={'constraint': 0.3333333333333333, 'relation': 0.3333333333333333, 'anchor': 0.3333333333333333}
2026-04-07 23:40:51,368 | INFO | Created reasoning thought th-0003 (searched)
2026-04-07 23:40:53,224 | INFO | Registered reasoning thought th-0003 to TaskFrame slots constraint-0
2026-04-07 23:40:53,949 | INFO | Retrieved 12 branch candidates for relation with queries=['What region is known for its robust distribution network for local food and has a college operating a farm for over a hundred years?', 'identify the region known for its local food distribution network and a long-operating college farm', 'What region <has> <robust distribution network> <for> <local food>?', 'region', 'distribution network', 'local food', 'college', 'farm'] and weights={'constraint': 0.3333333333333333, 'relation': 0.3333333333333333, 'anchor': 0.3333333333333333}
2026-04-07 23:40:53,950 | INFO | Created reasoning thought th-0004 (searched)
2026-04-07 23:40:54,804 | INFO | Registered reasoning thought th-0004 to TaskFrame slots anchor-2
2026-04-07 23:40:55,385 | INFO | Retrieved 12 branch candidates for anchor with queries=['What region is known for its robust distribution network for local food and has a college operating a farm for over a hundred years?', 'region', 'distribution network', 'local food', 'college', 'farm', 'location or region'] and weights={'constraint': 0.3333333333333333, 'relation': 0.3333333333333333, 'anchor': 0.3333333333333333}
2026-04-07 23:40:55,386 | INFO | Created reasoning thought th-0005 (searched)
2026-04-07 23:40:57,832 | INFO | Selected 2 expansion frontier entities from 5 coarse candidates
2026-04-07 23:40:57,832 | INFO | Created reasoning thought th-0007 (merged)
2026-04-07 23:41:02,594 | INFO | Control state iteration=2 weights={'constraint': 0.27027027027027023, 'relation': 0.27027027027027023, 'anchor': 0.4594594594594595} focus=['Find evidence that explicitly connects Warren Wilson College and its farm to a robust local food distribution network in western North Carolina.', "Identify additional sources or evidence that detail the characteristics of the region's distribution network for local food."] missing=['specific identification of the region', 'connection between the region and the distribution network']
2026-04-07 23:41:02,594 | INFO | Iterative reasoning step 2/3
2026-04-07 23:41:04,583 | INFO | Retrieved 12 branch candidates for constraint with queries=['What region is known for its robust distribution network for local food and has a college operating a farm for over a hundred years?', 'college operating a farm for over a hundred years', 'Find evidence that explicitly connects Warren Wilson College and its farm to a robust local food distribution network in western North Carolina.', "Identify additional sources or evidence that detail the characteristics of the region's distribution network for local food.", 'specific identification of the region', 'connection between the region and the distribution network', 'region', 'distribution network', 'local food', 'college', 'farm'] and weights={'constraint': 0.27027027027027023, 'relation': 0.27027027027027023, 'anchor': 0.4594594594594595}
2026-04-07 23:41:04,584 | INFO | Created reasoning thought th-0008 (searched)
2026-04-07 23:41:06,510 | INFO | Retrieved 12 branch candidates for relation with queries=['What region is known for its robust distribution network for local food and has a college operating a farm for over a hundred years?', 'identify the region known for its local food distribution network and a long-operating college farm', 'What region <has> <robust distribution network> <for> <local food>?', 'Find evidence that explicitly connects Warren Wilson College and its farm to a robust local food distribution network in western North Carolina.', "Identify additional sources or evidence that detail the characteristics of the region's distribution network for local food.", 'specific identification of the region', 'connection between the region and the distribution network', 'region', 'distribution network', 'local food', 'college', 'farm'] and weights={'constraint': 0.27027027027027023, 'relation': 0.27027027027027023, 'anchor': 0.4594594594594595}
2026-04-07 23:41:06,511 | INFO | Created reasoning thought th-0009 (searched)
2026-04-07 23:41:07,427 | INFO | Registered reasoning thought th-0009 to TaskFrame slots bridge-1
2026-04-07 23:41:08,439 | INFO | Retrieved 12 branch candidates for anchor with queries=['What region is known for its robust distribution network for local food and has a college operating a farm for over a hundred years?', 'region', 'distribution network', 'local food', 'college', 'farm', 'location or region', 'Find evidence that explicitly connects Warren Wilson College and its farm to a robust local food distribution network in western North Carolina.', "Identify additional sources or evidence that detail the characteristics of the region's distribution network for local food.", 'specific identification of the region', 'connection between the region and the distribution network'] and weights={'constraint': 0.27027027027027023, 'relation': 0.27027027027027023, 'anchor': 0.4594594594594595}
2026-04-07 23:41:08,440 | INFO | Created reasoning thought th-0010 (searched)
2026-04-07 23:41:13,414 | INFO | Selected 2 expansion frontier entities from 5 coarse candidates
2026-04-07 23:41:13,415 | INFO | Created reasoning thought th-0012 (merged)
2026-04-07 23:41:17,747 | INFO | Control state iteration=3 weights={'constraint': 0.27027027027027023, 'relation': 0.27027027027027023, 'anchor': 0.4594594594594595} focus=['Find evidence that explicitly connects Warren Wilson College and its farm to a robust local food distribution network in western North Carolina.', "Identify additional sources or evidence that detail the characteristics of the region's distribution network for local food."] missing=['specific identification of the region', 'connection between the region and the distribution network']
2026-04-07 23:41:17,747 | INFO | Iterative reasoning step 3/3
2026-04-07 23:41:18,807 | INFO | Retrieved 12 branch candidates for constraint with queries=['What region is known for its robust distribution network for local food and has a college operating a farm for over a hundred years?', 'college operating a farm for over a hundred years', 'Find evidence that explicitly connects Warren Wilson College and its farm to a robust local food distribution network in western North Carolina.', "Identify additional sources or evidence that detail the characteristics of the region's distribution network for local food.", 'specific identification of the region', 'connection between the region and the distribution network', 'region', 'distribution network', 'local food', 'college', 'farm'] and weights={'constraint': 0.27027027027027023, 'relation': 0.27027027027027023, 'anchor': 0.4594594594594595}
2026-04-07 23:41:18,808 | INFO | Created reasoning thought th-0013 (searched)
2026-04-07 23:41:21,086 | INFO | Retrieved 12 branch candidates for relation with queries=['What region is known for its robust distribution network for local food and has a college operating a farm for over a hundred years?', 'identify the region known for its local food distribution network and a long-operating college farm', 'What region <has> <robust distribution network> <for> <local food>?', 'Find evidence that explicitly connects Warren Wilson College and its farm to a robust local food distribution network in western North Carolina.', "Identify additional sources or evidence that detail the characteristics of the region's distribution network for local food.", 'specific identification of the region', 'connection between the region and the distribution network', 'region', 'distribution network', 'local food', 'college', 'farm'] and weights={'constraint': 0.27027027027027023, 'relation': 0.27027027027027023, 'anchor': 0.4594594594594595}
2026-04-07 23:41:21,087 | INFO | Created reasoning thought th-0014 (searched)
2026-04-07 23:41:23,219 | INFO | Retrieved 12 branch candidates for anchor with queries=['What region is known for its robust distribution network for local food and has a college operating a farm for over a hundred years?', 'region', 'distribution network', 'local food', 'college', 'farm', 'location or region', 'Find evidence that explicitly connects Warren Wilson College and its farm to a robust local food distribution network in western North Carolina.', "Identify additional sources or evidence that detail the characteristics of the region's distribution network for local food.", 'specific identification of the region', 'connection between the region and the distribution network'] and weights={'constraint': 0.27027027027027023, 'relation': 0.27027027027027023, 'anchor': 0.4594594594594595}
2026-04-07 23:41:23,220 | INFO | Created reasoning thought th-0015 (searched)
2026-04-07 23:41:25,893 | INFO | Selected 2 expansion frontier entities from 5 coarse candidates
2026-04-07 23:41:25,893 | INFO | Created reasoning thought th-0017 (merged)
2026-04-07 23:41:32,535 | INFO | Created answer thought th-0018 (completed)
2026-04-07 23:41:32,551 | INFO | Pipeline finished. Artifacts saved under D:\GitHub\GoT_HGs_RAG\runs\20260407_234029_what-region-is-known-for-its-robust-distribution
