2026-04-07 14:46:12,425 | INFO | Loading dataset from D:\GitHub\GoT_HGs_RAG\datasets\agriculture
2026-04-07 14:46:12,425 | INFO | Using GraphML file graph_chunk_entity_relation.graphml
2026-04-07 14:46:15,226 | INFO | Starting HyperBranch pipeline for question: What region is known for its robust distribution network for local food and has a college operating a farm for over a hundred years?
2026-04-07 14:46:18,952 | INFO | TaskFrame created with 5 anchors, 2 constraints, 3 bridges
2026-04-07 14:46:36,201 | INFO | Anchored task frame with 5 initial entities and 3 initial hyperedges
2026-04-07 14:46:36,202 | INFO | Created reasoning thought th-0001 (root)
2026-04-07 14:46:36,203 | INFO | Created reasoning thought th-0002 (grounded)
2026-04-07 14:46:38,078 | INFO | Registered reasoning thought th-0002 to TaskFrame slots constraint-0
2026-04-07 14:46:38,078 | INFO | Control state iteration=1 weights={'constraint': 0.3333333333333333, 'relation': 0.3333333333333333, 'anchor': 0.3333333333333333} focus=[] missing=[]
2026-04-07 14:46:38,078 | INFO | Iterative reasoning step 1/3
2026-04-07 14:46:38,774 | INFO | Retrieved 12 branch candidates for constraint with queries=['What region is known for its robust distribution network for local food and has a college operating a farm for over a hundred years?', 'robust distribution network for local food', 'college operating a farm for over a hundred years', 'region', 'distribution network', 'local food', 'college', 'farm'] and weights={'constraint': 0.3333333333333333, 'relation': 0.3333333333333333, 'anchor': 0.3333333333333333}
2026-04-07 14:46:38,775 | INFO | Created reasoning thought th-0003 (searched)
2026-04-07 14:46:39,255 | INFO | Registered reasoning thought th-0003 to TaskFrame slots bridge-0
2026-04-07 14:46:39,987 | INFO | Retrieved 12 branch candidates for relation with queries=['What region is known for its robust distribution network for local food and has a college operating a farm for over a hundred years?', 'identifying a region with a specific agricultural characteristic', 'What region has a distribution network for local food and a college with a farm?', 'region', 'distribution network', 'local food', 'college', 'farm'] and weights={'constraint': 0.3333333333333333, 'relation': 0.3333333333333333, 'anchor': 0.3333333333333333}
2026-04-07 14:46:39,989 | INFO | Created reasoning thought th-0004 (searched)
2026-04-07 14:46:41,461 | INFO | Registered reasoning thought th-0004 to TaskFrame slots anchor-2
2026-04-07 14:46:42,118 | INFO | Retrieved 12 branch candidates for anchor with queries=['What region is known for its robust distribution network for local food and has a college operating a farm for over a hundred years?', 'region', 'distribution network', 'local food', 'college', 'farm', 'geographical region'] and weights={'constraint': 0.3333333333333333, 'relation': 0.3333333333333333, 'anchor': 0.3333333333333333}
2026-04-07 14:46:42,120 | INFO | Created reasoning thought th-0005 (searched)
2026-04-07 14:46:45,387 | INFO | Created reasoning thought th-0007 (merged)
2026-04-07 14:46:47,043 | INFO | Registered reasoning thought th-0007 to TaskFrame slots anchor-1
2026-04-07 14:46:50,520 | INFO | Control state iteration=2 weights={'constraint': 0.3700787401574803, 'relation': 0.31496062992125984, 'anchor': 0.31496062992125984} focus=['Search for evidence related to colleges that have been operating farms for over a hundred years'] missing=['Information about a college operating a farm for over a hundred years']
2026-04-07 14:46:50,520 | INFO | Iterative reasoning step 2/3
2026-04-07 14:46:52,287 | INFO | Retrieved 12 branch candidates for constraint with queries=['What region is known for its robust distribution network for local food and has a college operating a farm for over a hundred years?', 'robust distribution network for local food', 'college operating a farm for over a hundred years', 'Search for evidence related to colleges that have been operating farms for over a hundred years', 'Information about a college operating a farm for over a hundred years', 'region', 'distribution network', 'local food', 'college', 'farm'] and weights={'constraint': 0.3700787401574803, 'relation': 0.31496062992125984, 'anchor': 0.31496062992125984}
2026-04-07 14:46:52,289 | INFO | Created reasoning thought th-0008 (searched)
2026-04-07 14:46:54,186 | INFO | Registered reasoning thought th-0008 to TaskFrame slots constraint-1
2026-04-07 14:46:55,185 | INFO | Retrieved 12 branch candidates for relation with queries=['What region is known for its robust distribution network for local food and has a college operating a farm for over a hundred years?', 'identifying a region with a specific agricultural characteristic', 'What region has a distribution network for local food and a college with a farm?', 'Search for evidence related to colleges that have been operating farms for over a hundred years', 'Information about a college operating a farm for over a hundred years', 'region', 'distribution network', 'local food', 'college', 'farm'] and weights={'constraint': 0.3700787401574803, 'relation': 0.31496062992125984, 'anchor': 0.31496062992125984}
2026-04-07 14:46:55,187 | INFO | Created reasoning thought th-0009 (searched)
2026-04-07 14:46:56,732 | INFO | Retrieved 12 branch candidates for anchor with queries=['What region is known for its robust distribution network for local food and has a college operating a farm for over a hundred years?', 'region', 'distribution network', 'local food', 'college', 'farm', 'geographical region', 'Search for evidence related to colleges that have been operating farms for over a hundred years', 'Information about a college operating a farm for over a hundred years'] and weights={'constraint': 0.3700787401574803, 'relation': 0.31496062992125984, 'anchor': 0.31496062992125984}
2026-04-07 14:46:56,734 | INFO | Created reasoning thought th-0010 (searched)
2026-04-07 14:46:57,648 | INFO | Created reasoning thought th-0012 (merged)
2026-04-07 14:47:04,762 | INFO | Control state iteration=3 weights={'constraint': 0.3700787401574803, 'relation': 0.31496062992125984, 'anchor': 0.31496062992125984} focus=['Search for evidence related to the geographical region known for its robust distribution network for local food.'] missing=['Specific information about the geographical region known for its robust distribution network for local food.']
2026-04-07 14:47:04,762 | INFO | Iterative reasoning step 3/3
2026-04-07 14:47:07,404 | INFO | Retrieved 12 branch candidates for constraint with queries=['What region is known for its robust distribution network for local food and has a college operating a farm for over a hundred years?', 'robust distribution network for local food', 'college operating a farm for over a hundred years', 'Search for evidence related to the geographical region known for its robust distribution network for local food.', 'Specific information about the geographical region known for its robust distribution network for local food.', 'region', 'distribution network', 'local food', 'college', 'farm'] and weights={'constraint': 0.3700787401574803, 'relation': 0.31496062992125984, 'anchor': 0.31496062992125984}
2026-04-07 14:47:07,405 | INFO | Created reasoning thought th-0013 (searched)
2026-04-07 14:47:09,166 | INFO | Retrieved 12 branch candidates for relation with queries=['What region is known for its robust distribution network for local food and has a college operating a farm for over a hundred years?', 'identifying a region with a specific agricultural characteristic', 'What region has a distribution network for local food and a college with a farm?', 'Search for evidence related to the geographical region known for its robust distribution network for local food.', 'Specific information about the geographical region known for its robust distribution network for local food.', 'region', 'distribution network', 'local food', 'college', 'farm'] and weights={'constraint': 0.3700787401574803, 'relation': 0.31496062992125984, 'anchor': 0.31496062992125984}
2026-04-07 14:47:09,168 | INFO | Created reasoning thought th-0014 (searched)
2026-04-07 14:47:11,309 | INFO | Retrieved 12 branch candidates for anchor with queries=['What region is known for its robust distribution network for local food and has a college operating a farm for over a hundred years?', 'region', 'distribution network', 'local food', 'college', 'farm', 'geographical region', 'Search for evidence related to the geographical region known for its robust distribution network for local food.', 'Specific information about the geographical region known for its robust distribution network for local food.'] and weights={'constraint': 0.3700787401574803, 'relation': 0.31496062992125984, 'anchor': 0.31496062992125984}
2026-04-07 14:47:11,311 | INFO | Created reasoning thought th-0015 (searched)
2026-04-07 14:47:11,925 | INFO | Created reasoning thought th-0017 (merged)
2026-04-07 14:47:22,398 | INFO | Created answer thought th-0018 (completed)
2026-04-07 14:47:22,427 | INFO | Pipeline finished. Artifacts saved under D:\GitHub\GoT_HGs_RAG\runs\20260407_144612_what-region-is-known-for-its-robust-distribution
