2026-04-02 10:43:08,554 | INFO | Loading dataset from D:\GitHub\GoT_HGs_RAG\datasets\agriculture
2026-04-02 10:43:08,555 | INFO | Using GraphML file graph_chunk_entity_relation.graphml
2026-04-02 10:43:11,628 | INFO | Starting GoTHyper pipeline for question: What significant year marked the expansion of community gardening initiatives in Seattle and saw a surge in demand for similar programs in Portland schools?
2026-04-02 10:43:14,422 | INFO | TaskFrame created with 5 anchors, 2 constraints, 2 bridges
2026-04-02 10:43:19,615 | INFO | Initialized ThoughtGraph with 5 seed thoughts
2026-04-02 10:43:19,615 | INFO | Reasoning step 1/5
2026-04-02 10:43:22,670 | INFO | Retrieved 6 evidence items for thought th-0002
2026-04-02 10:43:23,627 | INFO | Retrieved 6 evidence items for thought th-0003
2026-04-02 10:43:25,529 | INFO | Retrieved 6 evidence items for thought th-0004
2026-04-02 10:43:29,067 | INFO | Retrieved 6 evidence items for thought th-0005
2026-04-02 10:43:30,413 | INFO | Retrieved 6 evidence items for thought th-0006
2026-04-02 10:43:39,675 | INFO | Scored 5 thoughts
2026-04-02 10:43:48,945 | INFO | Registered evidence thought ev-th-0002-1 to TaskFrame slots anchor-0, target-0, constraint-0, bridge-0, bridge-1
2026-04-02 10:43:54,088 | INFO | Reasoning step 2/5
2026-04-02 10:43:54,440 | INFO | Retrieved 6 evidence items for thought th-0003
2026-04-02 10:43:54,753 | INFO | Retrieved 6 evidence items for thought th-0004
2026-04-02 10:43:55,109 | INFO | Retrieved 6 evidence items for thought th-0006
2026-04-02 10:43:57,262 | INFO | Retrieved 6 evidence items for thought th-0007
2026-04-02 10:44:08,389 | INFO | Scored 13 thoughts
2026-04-02 10:44:18,139 | INFO | Registered evidence thought ev-th-0006-2 to TaskFrame slots anchor-2
2026-04-02 10:44:18,140 | INFO | Reasoning step 3/5
2026-04-02 10:44:18,202 | INFO | Retrieved 6 evidence items for thought th-0003
2026-04-02 10:44:18,264 | INFO | Retrieved 6 evidence items for thought th-0004
2026-04-02 10:44:30,194 | INFO | Scored 21 thoughts
2026-04-02 10:44:48,252 | INFO | Reasoning step 4/5
2026-04-02 10:44:54,311 | INFO | Scored 23 thoughts
2026-04-02 10:44:57,415 | INFO | Final answer synthesized with 4 evidence parents
2026-04-02 10:44:57,427 | INFO | Pipeline finished. Artifacts saved under D:\GitHub\GoT_HGs_RAG\runs\20260402_104308_what-significant-year-marked-the-expansion-of-co
