2026-04-01 21:12:14,223 | INFO | Loading dataset from D:\GitHub\GoT_HGs_RAG\datasets\agriculture
2026-04-01 21:12:14,223 | INFO | Using GraphML file graph_chunk_entity_relation.graphml
2026-04-01 21:12:18,441 | INFO | Starting GoTHyper pipeline for question: What region is known for its robust distribution network for local food and has a college operating a farm for over a hundred years?
2026-04-01 21:12:18,441 | INFO | TaskFrame created with 3 anchors, 2 constraints, 1 bridges
2026-04-01 21:12:18,442 | INFO | Initialized ThoughtGraph with 7 seed thoughts
2026-04-01 21:12:18,442 | INFO | Reasoning step 1/5
2026-04-01 21:12:18,756 | INFO | Retrieved 6 evidence items for thought th-0002
2026-04-01 21:12:18,868 | INFO | Retrieved 6 evidence items for thought th-0003
2026-04-01 21:12:18,988 | INFO | Retrieved 6 evidence items for thought th-0004
2026-04-01 21:12:19,114 | INFO | Retrieved 6 evidence items for thought th-0005
2026-04-01 21:12:19,243 | INFO | Retrieved 6 evidence items for thought th-0006
2026-04-01 21:12:19,367 | INFO | Retrieved 6 evidence items for thought th-0007
2026-04-01 21:12:19,497 | INFO | Retrieved 6 evidence items for thought th-0008
2026-04-01 21:12:19,502 | INFO | Scored 7 thoughts
2026-04-01 21:12:19,505 | INFO | Reasoning step 2/5
2026-04-01 21:12:19,631 | INFO | Retrieved 6 evidence items for thought th-0002
2026-04-01 21:12:19,750 | INFO | Retrieved 6 evidence items for thought th-0003
2026-04-01 21:12:19,864 | INFO | Retrieved 6 evidence items for thought th-0006
2026-04-01 21:12:19,984 | INFO | Retrieved 6 evidence items for thought th-0008
2026-04-01 21:12:20,102 | INFO | Retrieved 6 evidence items for thought th-0009
2026-04-01 21:12:20,232 | INFO | Retrieved 6 evidence items for thought th-0010
2026-04-01 21:12:20,341 | INFO | Retrieved 6 evidence items for thought th-0011
2026-04-01 21:12:20,344 | INFO | Scored 7 thoughts
2026-04-01 21:12:20,349 | INFO | Reasoning step 3/5
2026-04-01 21:12:20,456 | INFO | Retrieved 6 evidence items for thought th-0002
2026-04-01 21:12:20,563 | INFO | Retrieved 6 evidence items for thought th-0006
2026-04-01 21:12:20,685 | INFO | Retrieved 6 evidence items for thought th-0008
2026-04-01 21:12:20,793 | INFO | Retrieved 6 evidence items for thought th-0011
2026-04-01 21:12:20,912 | INFO | Retrieved 6 evidence items for thought th-0012
2026-04-01 21:12:21,035 | INFO | Retrieved 6 evidence items for thought th-0013
2026-04-01 21:12:21,176 | INFO | Retrieved 6 evidence items for thought th-0014
2026-04-01 21:12:21,180 | INFO | Scored 7 thoughts
2026-04-01 21:12:21,187 | INFO | Reasoning step 4/5
2026-04-01 21:12:21,309 | INFO | Retrieved 6 evidence items for thought th-0002
2026-04-01 21:12:21,443 | INFO | Retrieved 6 evidence items for thought th-0008
2026-04-01 21:12:21,553 | INFO | Retrieved 6 evidence items for thought th-0011
2026-04-01 21:12:21,666 | INFO | Retrieved 6 evidence items for thought th-0014
2026-04-01 21:12:21,779 | INFO | Retrieved 6 evidence items for thought th-0015
2026-04-01 21:12:21,887 | INFO | Retrieved 6 evidence items for thought th-0016
2026-04-01 21:12:22,004 | INFO | Retrieved 6 evidence items for thought th-0017
2026-04-01 21:12:22,008 | INFO | Scored 7 thoughts
2026-04-01 21:12:22,015 | INFO | Reasoning step 5/5
2026-04-01 21:12:22,137 | INFO | Retrieved 6 evidence items for thought th-0008
2026-04-01 21:12:22,258 | INFO | Retrieved 6 evidence items for thought th-0014
2026-04-01 21:12:22,374 | INFO | Retrieved 6 evidence items for thought th-0015
2026-04-01 21:12:22,452 | INFO | Retrieved 6 evidence items for thought th-0017
2026-04-01 21:12:22,521 | INFO | Retrieved 6 evidence items for thought th-0018
2026-04-01 21:12:22,588 | INFO | Retrieved 6 evidence items for thought th-0019
2026-04-01 21:12:22,657 | INFO | Retrieved 6 evidence items for thought th-0020
2026-04-01 21:12:22,659 | INFO | Scored 7 thoughts
2026-04-01 21:12:22,661 | INFO | Final answer synthesized with 2 reasoning parents
2026-04-01 21:12:22,695 | INFO | Pipeline finished. Artifacts saved under D:\GitHub\GoT_HGs_RAG\runs\20260401_211214_what-region-is-known-for-its-robust-distribution
