2026-04-02 10:41:13,462 | INFO | Loading dataset from D:\GitHub\GoT_HGs_RAG\datasets\agriculture
2026-04-02 10:41:13,463 | INFO | Using GraphML file graph_chunk_entity_relation.graphml
2026-04-02 10:41:18,495 | INFO | Starting GoTHyper pipeline for question: What significant year marked the expansion of community gardening initiatives in Seattle and saw a surge in demand for similar programs in Portland schools?
2026-04-02 10:41:18,496 | INFO | TaskFrame created with 3 anchors, 2 constraints, 1 bridges
2026-04-02 10:41:18,497 | INFO | Initialized ThoughtGraph with 4 seed thoughts
2026-04-02 10:41:18,498 | INFO | Reasoning step 1/5
2026-04-02 10:41:18,760 | INFO | Retrieved 6 evidence items for thought th-0002
2026-04-02 10:41:18,891 | INFO | Retrieved 6 evidence items for thought th-0003
2026-04-02 10:41:19,021 | INFO | Retrieved 6 evidence items for thought th-0004
2026-04-02 10:41:19,173 | INFO | Retrieved 6 evidence items for thought th-0005
2026-04-02 10:41:19,175 | INFO | Scored 4 thoughts
2026-04-02 10:41:19,180 | INFO | Reasoning step 2/5
2026-04-02 10:41:19,315 | INFO | Retrieved 6 evidence items for thought th-0003
2026-04-02 10:41:19,432 | INFO | Retrieved 6 evidence items for thought th-0004
2026-04-02 10:41:19,553 | INFO | Retrieved 6 evidence items for thought th-0005
2026-04-02 10:41:19,675 | INFO | Retrieved 6 evidence items for thought th-0006
2026-04-02 10:41:19,680 | INFO | Scored 10 thoughts
2026-04-02 10:41:19,685 | INFO | Reasoning step 3/5
2026-04-02 10:41:19,807 | INFO | Retrieved 6 evidence items for thought th-0003
2026-04-02 10:41:19,925 | INFO | Retrieved 6 evidence items for thought th-0004
2026-04-02 10:41:20,043 | INFO | Retrieved 6 evidence items for thought th-0005
2026-04-02 10:41:20,193 | INFO | Retrieved 6 evidence items for thought th-0007
2026-04-02 10:41:20,195 | INFO | Scored 16 thoughts
2026-04-02 10:41:20,203 | INFO | Reasoning step 4/5
2026-04-02 10:41:20,351 | INFO | Retrieved 6 evidence items for thought th-0003
2026-04-02 10:41:20,482 | INFO | Retrieved 6 evidence items for thought th-0004
2026-04-02 10:41:20,642 | INFO | Retrieved 6 evidence items for thought th-0005
2026-04-02 10:41:20,834 | INFO | Retrieved 6 evidence items for thought th-0008
2026-04-02 10:41:20,836 | INFO | Scored 22 thoughts
2026-04-02 10:41:20,842 | INFO | Reasoning step 5/5
2026-04-02 10:41:21,024 | INFO | Retrieved 6 evidence items for thought th-0003
2026-04-02 10:41:21,182 | INFO | Retrieved 6 evidence items for thought th-0004
2026-04-02 10:41:21,328 | INFO | Retrieved 6 evidence items for thought th-0005
2026-04-02 10:41:21,472 | INFO | Retrieved 6 evidence items for thought th-0009
2026-04-02 10:41:21,475 | INFO | Scored 28 thoughts
2026-04-02 10:41:21,481 | INFO | Final answer synthesized with 2 evidence parents
2026-04-02 10:41:21,494 | INFO | Pipeline finished. Artifacts saved under D:\GitHub\GoT_HGs_RAG\runs\20260402_104113_what-significant-year-marked-the-expansion-of-co
